生成启动时间为 2016/6/20 17:29:53。
     1>项目“C:\Users\jszx\Desktop\123\hello\hello\hello.vcxproj”在节点 2 上(build 个目标)。
     1>InitializeBuildStatus:
         正在对“Debug\hello.unsuccessfulbuild”执行 Touch 任务。
       ClCompile:
         所有输出均为最新。
         C:\Program Files\Microsoft Visual Studio 10.0\VC\bin\CL.exe /c /ZI /nologo /W3 /WX- /Od /Oy- /D WIN32 /D _DEBUG /D _CONSOLE /D _UNICODE /D UNICODE /Gm /EHsc /RTC1 /MDd /GS /fp:precise /Zc:wchar_t /Zc:forScope /Yu"StdAfx.h" /Fp"Debug\hello.pch" /Fo"Debug\\" /Fd"Debug\vc100.pdb" /Gd /TP /analyze- /errorReport:prompt hello.cpp
         hello.cpp
       ManifestResourceCompile:
         C:\Program Files\Microsoft SDKs\Windows\v7.0A\bin\rc.exe /nologo /fo"Debug\hello.exe.embed.manifest.res" Debug\hello_manifest.rc 
       Link:
         C:\Program Files\Microsoft Visual Studio 10.0\VC\bin\link.exe /ERRORREPORT:PROMPT /OUT:"C:\Users\jszx\Desktop\123\hello\Debug\hello.exe" /INCREMENTAL /NOLOGO kernel32.lib user32.lib gdi32.lib winspool.lib comdlg32.lib advapi32.lib shell32.lib ole32.lib oleaut32.lib uuid.lib odbc32.lib odbccp32.lib /MANIFEST /ManifestFile:"Debug\hello.exe.intermediate.manifest" /MANIFESTUAC:"level='asInvoker' uiAccess='false'" /DEBUG /PDB:"C:\Users\jszx\Desktop\123\hello\Debug\hello.pdb" /SUBSYSTEM:CONSOLE /TLBID:1 /DYNAMICBASE /NXCOMPAT /IMPLIB:"C:\Users\jszx\Desktop\123\hello\Debug\hello.lib" /MACHINE:X86 Debug\hello.exe.embed.manifest.res
         Debug\hello.obj
         Debug\stdafx.obj
       Manifest:
         C:\Program Files\Microsoft SDKs\Windows\v7.0A\bin\mt.exe /nologo /verbose /out:"Debug\hello.exe.embed.manifest" /manifest Debug\hello.exe.intermediate.manifest
         C:\Program Files\Microsoft SDKs\Windows\v7.0A\bin\rc.exe /nologo /fo"Debug\hello.exe.embed.manifest.res" Debug\hello_manifest.rc 
       LinkEmbedManifest:
         C:\Program Files\Microsoft Visual Studio 10.0\VC\bin\link.exe /ERRORREPORT:PROMPT /OUT:"C:\Users\jszx\Desktop\123\hello\Debug\hello.exe" /INCREMENTAL /NOLOGO kernel32.lib user32.lib gdi32.lib winspool.lib comdlg32.lib advapi32.lib shell32.lib ole32.lib oleaut32.lib uuid.lib odbc32.lib odbccp32.lib /MANIFEST /ManifestFile:"Debug\hello.exe.intermediate.manifest" /MANIFESTUAC:"level='asInvoker' uiAccess='false'" /DEBUG /PDB:"C:\Users\jszx\Desktop\123\hello\Debug\hello.pdb" /SUBSYSTEM:CONSOLE /TLBID:1 /DYNAMICBASE /NXCOMPAT /IMPLIB:"C:\Users\jszx\Desktop\123\hello\Debug\hello.lib" /MACHINE:X86 Debug\hello.exe.embed.manifest.res
         Debug\hello.obj
         Debug\stdafx.obj
         hello.vcxproj -> C:\Users\jszx\Desktop\123\hello\Debug\hello.exe
       FinalizeBuildStatus:
         正在删除文件“Debug\hello.unsuccessfulbuild”。
         正在对“Debug\hello.lastbuildstate”执行 Touch 任务。
     1>已完成生成项目“C:\Users\jszx\Desktop\123\hello\hello\hello.vcxproj”(build 个目标)的操作。

生成成功。

已用时间 00:00:01.34
